<?xml version="1.0" encoding="UTF-8"?>
<!-- Generated by org.testng.reporters.JUnitReportReporter -->
<testsuite hostname="DESKTOP-6MHD4P6" failures="0" tests="1" name="DataDriven.DataDrivenTest" time="0.000" errors="0" timestamp="2022-05-23T14:57:17 IST" skipped="1">
  <testcase classname="DataDriven.DataDrivenTest" name="RegistrationPageTest" time="0.000">
    <skipped/>
  </testcase> <!-- RegistrationPageTest -->
  <system-out/>
</testsuite> <!-- DataDriven.DataDrivenTest -->
