<?xml version="1.0" encoding="UTF-8"?>
<!-- Generated by org.testng.reporters.JUnitReportReporter -->
<testsuite hostname="DESKTOP-6MHD4P6" failures="0" tests="1" name="Action.DragAndDropTest" time="19.349" errors="0" timestamp="2022-05-23T12:43:58 IST" skipped="0">
  <testcase classname="Action.DragAndDropTest" name="dragAnddrop" time="19.349"/>
  <system-out/>
</testsuite> <!-- Action.DragAndDropTest -->
