<?xml version="1.0" encoding="UTF-8"?>
<!-- Generated by org.testng.reporters.JUnitReportReporter -->
<testsuite hostname="DESKTOP-6MHD4P6" failures="0" tests="1" name="Action.MouseHoverTest" time="3.874" errors="0" timestamp="2022-05-23T12:55:17 IST" skipped="0">
  <testcase classname="Action.MouseHoverTest" name="mousehoverEvent" time="3.874"/>
  <system-out/>
</testsuite> <!-- Action.MouseHoverTest -->
