<?xml version="1.0" encoding="UTF-8"?>
<!-- Generated by org.testng.reporters.JUnitReportReporter -->
<testsuite hostname="DESKTOP-6MHD4P6" failures="0" tests="1" name="Action.ClickAndHoldTest" time="12.363" errors="0" timestamp="2022-05-23T12:26:49 IST" skipped="0">
  <testcase classname="Action.ClickAndHoldTest" name="clickAndholdevent" time="12.363"/>
  <system-out/>
</testsuite> <!-- Action.ClickAndHoldTest -->
