<?xml version="1.0" encoding="UTF-8"?>
<!-- Generated by org.testng.reporters.JUnitReportReporter -->
<testsuite hostname="DESKTOP-6MHD4P6" failures="0" tests="1" name="Action.KeyboardActions" time="1.172" errors="0" timestamp="2022-05-23T12:48:42 IST" skipped="0">
  <testcase classname="Action.KeyboardActions" name="tabPressAction" time="1.172"/>
  <system-out/>
</testsuite> <!-- Action.KeyboardActions -->
