<?xml version="1.0" encoding="UTF-8"?>
<!-- Generated by org.testng.reporters.JUnitReportReporter -->
<testsuite hostname="DESKTOP-6MHD4P6" failures="0" tests="1" name="Seleniummisc.BrokenLink" time="8.357" errors="0" timestamp="2022-05-23T11:12:31 IST" skipped="0">
  <testcase classname="Seleniummisc.BrokenLink" name="brokenlinks" time="8.357"/>
  <system-out/>
</testsuite> <!-- Seleniummisc.BrokenLink -->
