<?xml version="1.0" encoding="UTF-8"?>
<!-- Generated by org.testng.reporters.JUnitReportReporter -->
<testsuite hostname="DESKTOP-6MHD4P6" failures="0" tests="3" name="Seleniummisc.WebTableOperations" time="0.341" errors="0" timestamp="2022-05-23T12:04:13 IST" skipped="0">
  <testcase classname="Seleniummisc.WebTableOperations" name="tableRows" time="0.204"/>
  <system-out/>
  <testcase classname="Seleniummisc.WebTableOperations" name="tableCols" time="0.054"/>
  <system-out/>
  <testcase classname="Seleniummisc.WebTableOperations" name="getdata" time="0.083"/>
  <system-out/>
</testsuite> <!-- Seleniummisc.WebTableOperations -->
