<?xml version="1.0" encoding="UTF-8"?>
<!-- Generated by org.testng.reporters.JUnitReportReporter -->
<testsuite hostname="DESKTOP-6MHD4P6" failures="0" tests="1" name="Seleniummisc.Capturescreenshot" time="3.770" errors="0" timestamp="2022-05-23T10:37:23 IST" skipped="0">
  <testcase classname="Seleniummisc.Capturescreenshot" name="captureScreen" time="3.770"/>
  <system-out/>
</testsuite> <!-- Seleniummisc.Capturescreenshot -->
