<?xml version="1.0" encoding="UTF-8"?>
<!-- Generated by org.testng.reporters.JUnitReportReporter -->
<testsuite hostname="DESKTOP-6MHD4P6" failures="0" tests="1" name="Seleniummisc.SeleniumWaits" time="36.087" errors="0" timestamp="2022-05-23T11:39:28 IST" skipped="0">
  <testcase classname="Seleniummisc.SeleniumWaits" name="launchbrowser" time="36.087"/>
  <system-out/>
</testsuite> <!-- Seleniummisc.SeleniumWaits -->
