<?xml version="1.0" encoding="UTF-8"?>
<!-- Generated by org.testng.reporters.JUnitReportReporter -->
<testsuite hostname="DESKTOP-6MHD4P6" failures="0" tests="1" name="Seleniummisc.AjaxcontrolTest" time="2.385" errors="0" timestamp="2022-05-23T10:52:59 IST" skipped="0">
  <testcase classname="Seleniummisc.AjaxcontrolTest" name="ajaxAutoSuggest" time="2.385"/>
  <system-out/>
</testsuite> <!-- Seleniummisc.AjaxcontrolTest -->
