<?xml version="1.0" encoding="UTF-8"?>
<!-- Generated by org.testng.reporters.JUnitReportReporter -->
<testsuite hostname="DESKTOP-6MHD4P6" failures="0" tests="1" name="DropdownorListboxorcombobox.SingleWindowhandle" time="2.199" errors="0" timestamp="2022-05-22T22:52:51 IST" skipped="0">
  <testcase classname="DropdownorListboxorcombobox.SingleWindowhandle" name="windowhandle" time="2.199"/>
  <system-out/>
</testsuite> <!-- DropdownorListboxorcombobox.SingleWindowhandle -->
