<?xml version="1.0" encoding="UTF-8"?>
<!-- Generated by org.testng.reporters.JUnitReportReporter -->
<testsuite hostname="DESKTOP-6MHD4P6" failures="0" tests="1" name="Radiobuttonorcheckbox.Radiobutton2" time="9.670" errors="0" timestamp="2022-05-22T14:49:13 IST" skipped="0">
  <testcase classname="Radiobuttonorcheckbox.Radiobutton2" name="radiobuttontest" time="9.670"/>
  <system-out/>
</testsuite> <!-- Radiobuttonorcheckbox.Radiobutton2 -->
