<?xml version="1.0" encoding="UTF-8"?>
<!-- Generated by org.testng.reporters.JUnitReportReporter -->
<testsuite hostname="DESKTOP-6MHD4P6" failures="0" tests="1" name="Link.Linktestiii" time="42.999" errors="0" timestamp="2022-05-22T23:28:33 IST" skipped="0">
  <testcase classname="Link.Linktestiii" name="linktestt" time="42.999"/>
  <system-out/>
</testsuite> <!-- Link.Linktestiii -->
