<?xml version="1.0" encoding="UTF-8"?>
<!-- Generated by org.testng.reporters.JUnitReportReporter -->
<testsuite hostname="DESKTOP-6MHD4P6" failures="0" tests="1" name="Textbox.Textbox4" time="11.067" errors="0" timestamp="2022-05-22T12:48:45 IST" skipped="0">
  <testcase classname="Textbox.Textbox4" name="locatortest" time="11.067"/>
  <system-out/>
</testsuite> <!-- Textbox.Textbox4 -->
