<?xml version="1.0" encoding="UTF-8"?>
<!-- Generated by org.testng.reporters.JUnitReportReporter -->
<testsuite hostname="DESKTOP-6MHD4P6" failures="0" tests="1" name="Radiobuttonorcheckbox.Radiobutton3" time="13.492" errors="0" timestamp="2022-05-22T15:32:57 IST" skipped="0">
  <testcase classname="Radiobuttonorcheckbox.Radiobutton3" name="radioOp" time="13.492"/>
  <system-out/>
</testsuite> <!-- Radiobuttonorcheckbox.Radiobutton3 -->
