<?xml version="1.0" encoding="UTF-8"?>
<!-- Generated by org.testng.reporters.JUnitReportReporter -->
<testsuite hostname="DESKTOP-6MHD4P6" failures="0" tests="1" name="Link.Imagelinktest" time="48.715" errors="0" timestamp="2022-05-22T23:14:23 IST" skipped="0">
  <testcase classname="Link.Imagelinktest" name="linktestest" time="48.715"/>
  <system-out/>
</testsuite> <!-- Link.Imagelinktest -->
