<?xml version="1.0" encoding="UTF-8"?>
<!-- Generated by org.testng.reporters.JUnitReportReporter -->
<testsuite hostname="DESKTOP-6MHD4P6" failures="0" tests="1" name="Radiobuttonorcheckbox.Radiobutton1" time="12.752" errors="0" timestamp="2022-05-22T22:10:20 IST" skipped="0">
  <testcase classname="Radiobuttonorcheckbox.Radiobutton1" name="radioop" time="12.752"/>
  <system-out/>
</testsuite> <!-- Radiobuttonorcheckbox.Radiobutton1 -->
