<?xml version="1.0" encoding="UTF-8"?>
<!-- Generated by org.testng.reporters.JUnitReportReporter -->
<testsuite hostname="DESKTOP-6MHD4P6" failures="0" tests="1" name="Textbox.Textbox5" time="0.025" errors="0" timestamp="2022-05-22T13:29:21 IST" skipped="0">
  <testcase classname="Textbox.Textbox5" name="locatortest" time="0.025"/>
  <system-out/>
</testsuite> <!-- Textbox.Textbox5 -->
