<?xml version="1.0" encoding="UTF-8"?>
<!-- Generated by org.testng.reporters.JUnitReportReporter -->
<testsuite hostname="DESKTOP-6MHD4P6" failures="0" tests="2" name="Textbox.Textbox1" time="0.819" errors="0" timestamp="2022-05-22T12:06:10 IST" skipped="0">
  <testcase classname="Textbox.Textbox1" name="sagar1" time="0.785"/>
  <system-out/>
  <testcase classname="Textbox.Textbox1" name="sagar2" time="0.034"/>
  <system-out/>
</testsuite> <!-- Textbox.Textbox1 -->
