<?xml version="1.0" encoding="UTF-8"?>
<!-- Generated by org.testng.reporters.JUnitReportReporter -->
<testsuite hostname="DESKTOP-6MHD4P6" failures="0" tests="1" name="Textbox.Textbox3" time="1.173" errors="0" timestamp="2022-05-22T12:30:20 IST" skipped="0">
  <testcase classname="Textbox.Textbox3" name="getAttributeVal" time="1.173"/>
  <system-out/>
</testsuite> <!-- Textbox.Textbox3 -->
