<?xml version="1.0" encoding="UTF-8"?>
<!-- Generated by org.testng.reporters.JUnitReportReporter -->
<testsuite hostname="DESKTOP-6MHD4P6" failures="0" tests="1" name="DropdownorListboxorcombobox.Framehandle" time="32.008" errors="0" timestamp="2022-05-22T22:43:08 IST" skipped="0">
  <testcase classname="DropdownorListboxorcombobox.Framehandle" name="frameHandle" time="32.008"/>
  <system-out/>
</testsuite> <!-- DropdownorListboxorcombobox.Framehandle -->
