<?xml version="1.0" encoding="UTF-8"?>
<!-- Generated by org.testng.reporters.JUnitReportReporter -->
<testsuite hostname="DESKTOP-6MHD4P6" failures="0" tests="1" name="Textbox.Textbox2" time="1.194" errors="0" timestamp="2022-05-22T12:13:17 IST" skipped="0">
  <testcase classname="Textbox.Textbox2" name="locatortest" time="1.194"/>
  <system-out/>
</testsuite> <!-- Textbox.Textbox2 -->
