<?xml version="1.0" encoding="UTF-8"?>
<!-- Generated by org.testng.reporters.JUnitReportReporter -->
<testsuite hostname="DESKTOP-6MHD4P6" failures="0" tests="1" name="Link.Linktest" time="36.845" errors="0" timestamp="2022-05-22T23:21:35 IST" skipped="0">
  <testcase classname="Link.Linktest" name="linktestt" time="36.845"/>
  <system-out/>
</testsuite> <!-- Link.Linktest -->
