<?xml version="1.0" encoding="UTF-8"?>
<!-- Generated by org.testng.reporters.JUnitReportReporter -->
<testsuite hostname="DESKTOP-6MHD4P6" failures="0" tests="1" name="DropdownorListboxorcombobox.Windowhandlingtest" time="19.822" errors="0" timestamp="2022-05-22T22:58:36 IST" skipped="0">
  <testcase classname="DropdownorListboxorcombobox.Windowhandlingtest" name="windowhandle" time="19.822"/>
  <system-out/>
</testsuite> <!-- DropdownorListboxorcombobox.Windowhandlingtest -->
