<?xml version="1.0" encoding="UTF-8"?>
<!-- Generated by org.testng.reporters.JUnitReportReporter -->
<testsuite hostname="DESKTOP-6MHD4P6" failures="0" tests="1" name="popup.popuptest1" time="6.769" errors="0" timestamp="2022-05-23T09:29:23 IST" skipped="0">
  <testcase classname="popup.popuptest1" name="popup" time="6.769"/>
  <system-out/>
</testsuite> <!-- popup.popuptest1 -->
