<?xml version="1.0" encoding="UTF-8"?>
<!-- Generated by org.testng.reporters.JUnitReportReporter -->
<testsuite hostname="DESKTOP-6MHD4P6" failures="0" tests="1" name="popup.popuptest3" time="9.419" errors="0" timestamp="2022-05-23T09:46:27 IST" skipped="0">
  <testcase classname="popup.popuptest3" name="popup" time="9.419"/>
  <system-out/>
</testsuite> <!-- popup.popuptest3 -->
