<?xml version="1.0" encoding="UTF-8"?>
<!-- Generated by org.testng.reporters.JUnitReportReporter -->
<testsuite hostname="DESKTOP-6MHD4P6" failures="0" tests="1" name="popup.popuptest2" time="8.019" errors="0" timestamp="2022-05-23T09:38:40 IST" skipped="0">
  <testcase classname="popup.popuptest2" name="popupConfirm" time="8.019"/>
  <system-out/>
</testsuite> <!-- popup.popuptest2 -->
