<?xml version="1.0" encoding="UTF-8"?>
<!-- Generated by org.testng.reporters.JUnitReportReporter -->
<testsuite hostname="DESKTOP-6MHD4P6" failures="0" tests="1" name="selenium.seleniumlocator3" time="5.810" errors="0" timestamp="2022-05-21T22:04:05 IST" skipped="0">
  <testcase classname="selenium.seleniumlocator3" name="locatortest" time="5.810"/>
  <system-out/>
</testsuite> <!-- selenium.seleniumlocator3 -->
