<?xml version="1.0" encoding="UTF-8"?>
<!-- Generated by org.testng.reporters.JUnitReportReporter -->
<testsuite hostname="DESKTOP-6MHD4P6" failures="0" tests="1" name="selenium.seleniumlocator1" time="18.535" errors="0" timestamp="2022-05-21T21:52:14 IST" skipped="0">
  <testcase classname="selenium.seleniumlocator1" name="locatortest" time="18.535"/>
  <system-out/>
</testsuite> <!-- selenium.seleniumlocator1 -->
