<?xml version="1.0" encoding="UTF-8"?>
<!-- Generated by org.testng.reporters.JUnitReportReporter -->
<testsuite hostname="DESKTOP-6MHD4P6" failures="0" tests="1" name="selenium.seleniumlocator5" time="5.451" errors="0" timestamp="2022-05-21T22:10:11 IST" skipped="0">
  <testcase classname="selenium.seleniumlocator5" name="locatortest" time="5.451"/>
  <system-out/>
</testsuite> <!-- selenium.seleniumlocator5 -->
